[2022-12-19 22:33:01Z INFO HostContext] No proxy settings were found based on environmental variables (http_proxy/https_proxy/HTTP_PROXY/HTTPS_PROXY)
[2022-12-19 22:33:01Z INFO HostContext] Well known directory 'Bin': 'D:\Projects\vault-guides\ecosystem\vault-github-action\actions-runner\bin'
[2022-12-19 22:33:01Z INFO HostContext] Well known directory 'Root': 'D:\Projects\vault-guides\ecosystem\vault-github-action\actions-runner'
[2022-12-19 22:33:01Z INFO HostContext] Well known config file 'Credentials': 'D:\Projects\vault-guides\ecosystem\vault-github-action\actions-runner\.credentials'
[2022-12-19 22:33:01Z INFO HostContext] Well known directory 'Bin': 'D:\Projects\vault-guides\ecosystem\vault-github-action\actions-runner\bin'
[2022-12-19 22:33:01Z INFO HostContext] Well known directory 'Root': 'D:\Projects\vault-guides\ecosystem\vault-github-action\actions-runner'
[2022-12-19 22:33:01Z INFO HostContext] Well known config file 'Runner': 'D:\Projects\vault-guides\ecosystem\vault-github-action\actions-runner\.runner'
[2022-12-19 22:33:01Z INFO Listener] Runner is built for Windows (X64) - win-x64.
[2022-12-19 22:33:01Z INFO Listener] RuntimeInformation: Microsoft Windows 10.0.19044.
[2022-12-19 22:33:01Z INFO Listener] Version: 2.299.1
[2022-12-19 22:33:01Z INFO Listener] Commit: 2e44f985bd9bf890dc061e654f6a850c6f1249cf
[2022-12-19 22:33:01Z INFO Listener] Culture: en-CA
[2022-12-19 22:33:01Z INFO Listener] UI Culture: en-US
[2022-12-19 22:33:01Z INFO HostContext] Well known directory 'Bin': 'D:\Projects\vault-guides\ecosystem\vault-github-action\actions-runner\bin'
[2022-12-19 22:33:01Z INFO HostContext] Well known directory 'Root': 'D:\Projects\vault-guides\ecosystem\vault-github-action\actions-runner'
[2022-12-19 22:33:01Z INFO Listener] Validating directory permissions for: 'D:\Projects\vault-guides\ecosystem\vault-github-action\actions-runner'
[2022-12-19 22:33:01Z INFO CommandLineParser] Parse
[2022-12-19 22:33:01Z INFO CommandLineParser] Parsing 5 args
[2022-12-19 22:33:01Z INFO CommandLineParser] parsing argument
[2022-12-19 22:33:01Z INFO CommandLineParser] HasArgs: False
[2022-12-19 22:33:01Z INFO CommandLineParser] Adding Command: configure
[2022-12-19 22:33:01Z INFO CommandLineParser] parsing argument
[2022-12-19 22:33:01Z INFO CommandLineParser] HasArgs: True
[2022-12-19 22:33:01Z INFO CommandLineParser] arg: url
[2022-12-19 22:33:01Z INFO CommandLineParser] parsing argument
[2022-12-19 22:33:01Z INFO CommandLineParser] HasArgs: True
[2022-12-19 22:33:01Z INFO CommandLineParser] Adding option 'url': 'https://github.com/ngunner15/vault-action-exampleapp'
[2022-12-19 22:33:01Z INFO CommandLineParser] parsing argument
[2022-12-19 22:33:01Z INFO CommandLineParser] HasArgs: True
[2022-12-19 22:33:01Z INFO CommandLineParser] arg: token
[2022-12-19 22:33:01Z INFO CommandLineParser] parsing argument
[2022-12-19 22:33:01Z INFO CommandLineParser] HasArgs: True
[2022-12-19 22:33:01Z INFO CommandLineParser] Adding option 'token': '***'
[2022-12-19 22:33:01Z INFO Listener] Arguments parsed
[2022-12-19 22:33:01Z INFO Runner] ExecuteCommand
[2022-12-19 22:33:01Z INFO ConfigurationStore] currentAssemblyLocation: D:\Projects\vault-guides\ecosystem\vault-github-action\actions-runner\bin\Runner.Listener.dll
[2022-12-19 22:33:01Z INFO HostContext] Well known directory 'Bin': 'D:\Projects\vault-guides\ecosystem\vault-github-action\actions-runner\bin'
[2022-12-19 22:33:01Z INFO ConfigurationStore] binPath: D:\Projects\vault-guides\ecosystem\vault-github-action\actions-runner\bin
[2022-12-19 22:33:01Z INFO HostContext] Well known directory 'Bin': 'D:\Projects\vault-guides\ecosystem\vault-github-action\actions-runner\bin'
[2022-12-19 22:33:01Z INFO HostContext] Well known directory 'Root': 'D:\Projects\vault-guides\ecosystem\vault-github-action\actions-runner'
[2022-12-19 22:33:01Z INFO ConfigurationStore] RootFolder: D:\Projects\vault-guides\ecosystem\vault-github-action\actions-runner
[2022-12-19 22:33:01Z INFO HostContext] Well known directory 'Bin': 'D:\Projects\vault-guides\ecosystem\vault-github-action\actions-runner\bin'
[2022-12-19 22:33:01Z INFO HostContext] Well known directory 'Root': 'D:\Projects\vault-guides\ecosystem\vault-github-action\actions-runner'
[2022-12-19 22:33:01Z INFO HostContext] Well known config file 'Runner': 'D:\Projects\vault-guides\ecosystem\vault-github-action\actions-runner\.runner'
[2022-12-19 22:33:01Z INFO ConfigurationStore] ConfigFilePath: D:\Projects\vault-guides\ecosystem\vault-github-action\actions-runner\.runner
[2022-12-19 22:33:01Z INFO HostContext] Well known directory 'Bin': 'D:\Projects\vault-guides\ecosystem\vault-github-action\actions-runner\bin'
[2022-12-19 22:33:01Z INFO HostContext] Well known directory 'Root': 'D:\Projects\vault-guides\ecosystem\vault-github-action\actions-runner'
[2022-12-19 22:33:01Z INFO HostContext] Well known config file 'Credentials': 'D:\Projects\vault-guides\ecosystem\vault-github-action\actions-runner\.credentials'
[2022-12-19 22:33:01Z INFO ConfigurationStore] CredFilePath: D:\Projects\vault-guides\ecosystem\vault-github-action\actions-runner\.credentials
[2022-12-19 22:33:01Z INFO HostContext] Well known directory 'Bin': 'D:\Projects\vault-guides\ecosystem\vault-github-action\actions-runner\bin'
[2022-12-19 22:33:01Z INFO HostContext] Well known directory 'Root': 'D:\Projects\vault-guides\ecosystem\vault-github-action\actions-runner'
[2022-12-19 22:33:01Z INFO HostContext] Well known config file 'MigratedCredentials': 'D:\Projects\vault-guides\ecosystem\vault-github-action\actions-runner\.credentials_migrated'
[2022-12-19 22:33:01Z INFO ConfigurationStore] MigratedCredFilePath: D:\Projects\vault-guides\ecosystem\vault-github-action\actions-runner\.credentials_migrated
[2022-12-19 22:33:01Z INFO HostContext] Well known directory 'Bin': 'D:\Projects\vault-guides\ecosystem\vault-github-action\actions-runner\bin'
[2022-12-19 22:33:01Z INFO HostContext] Well known directory 'Root': 'D:\Projects\vault-guides\ecosystem\vault-github-action\actions-runner'
[2022-12-19 22:33:01Z INFO HostContext] Well known config file 'Service': 'D:\Projects\vault-guides\ecosystem\vault-github-action\actions-runner\.service'
[2022-12-19 22:33:01Z INFO ConfigurationStore] ServiceConfigFilePath: D:\Projects\vault-guides\ecosystem\vault-github-action\actions-runner\.service
[2022-12-19 22:33:01Z INFO CommandSettings] Flag 'help': 'False'
[2022-12-19 22:33:01Z INFO CommandSettings] Flag 'version': 'False'
[2022-12-19 22:33:01Z INFO CommandSettings] Flag 'commit': 'False'
[2022-12-19 22:33:01Z INFO CommandSettings] Flag 'check': 'False'
[2022-12-19 22:33:01Z INFO CommandSettings] Command 'configure': 'True'
[2022-12-19 22:33:01Z INFO Terminal] WRITE LINE: 
[2022-12-19 22:33:01Z INFO Terminal] WRITE LINE: --------------------------------------------------------------------------------
[2022-12-19 22:33:01Z INFO Terminal] WRITE LINE: |        ____ _ _   _   _       _          _        _   _                      |
[2022-12-19 22:33:01Z INFO Terminal] WRITE LINE: |       / ___(_) |_| | | |_   _| |__      / \   ___| |_(_) ___  _ __  ___      |
[2022-12-19 22:33:01Z INFO Terminal] WRITE LINE: |      | |  _| | __| |_| | | | | '_ \    / _ \ / __| __| |/ _ \| '_ \/ __|     |
[2022-12-19 22:33:01Z INFO Terminal] WRITE LINE: |      | |_| | | |_|  _  | |_| | |_) |  / ___ \ (__| |_| | (_) | | | \__ \     |
[2022-12-19 22:33:01Z INFO Terminal] WRITE LINE: |       \____|_|\__|_| |_|\__,_|_.__/  /_/   \_\___|\__|_|\___/|_| |_|___/     |
[2022-12-19 22:33:01Z INFO Terminal] WRITE LINE: |                                                                              |
[2022-12-19 22:33:01Z INFO Terminal] WRITE: |                       
[2022-12-19 22:33:01Z INFO Terminal] WRITE: Self-hosted runner registration
[2022-12-19 22:33:01Z INFO Terminal] WRITE LINE:                         |
[2022-12-19 22:33:01Z INFO Terminal] WRITE LINE: |                                                                              |
[2022-12-19 22:33:01Z INFO Terminal] WRITE LINE: --------------------------------------------------------------------------------
[2022-12-19 22:33:01Z INFO ConfigurationManager] ConfigureAsync
[2022-12-19 22:33:01Z INFO CommandSettings] Flag 'generateServiceConfig': 'False'
[2022-12-19 22:33:01Z INFO ConfigurationStore] IsConfigured()
[2022-12-19 22:33:01Z INFO ConfigurationStore] IsConfigured: False
[2022-12-19 22:33:01Z INFO ConfigurationManager] Is configured: False
[2022-12-19 22:33:01Z INFO CommandSettings] Arg 'url': 'https://github.com/ngunner15/vault-action-exampleapp'
[2022-12-19 22:33:01Z INFO CommandSettings] Remove url from Arg dictionary.
[2022-12-19 22:33:01Z INFO CommandSettings] Arg 'token': '***'
[2022-12-19 22:33:01Z INFO CommandSettings] Remove token from Arg dictionary.
[2022-12-19 22:33:02Z INFO ConfigurationManager] Http response code: OK from 'POST https://api.github.com/actions/runner-registration'
[2022-12-19 22:33:03Z INFO ConfigurationManager] cred retrieved via GitHub auth
[2022-12-19 22:33:03Z INFO RunnerServer] EstablishVssConnection
[2022-12-19 22:33:03Z INFO RunnerServer] Establish connection with 100 seconds timeout.
[2022-12-19 22:33:03Z INFO GitHubActionsService] Starting operation Location.GetConnectionData
[2022-12-19 22:33:03Z INFO RunnerServer] EstablishVssConnection
[2022-12-19 22:33:03Z INFO RunnerServer] Establish connection with 60 seconds timeout.
[2022-12-19 22:33:03Z INFO GitHubActionsService] Starting operation Location.GetConnectionData
[2022-12-19 22:33:03Z INFO RunnerServer] EstablishVssConnection
[2022-12-19 22:33:03Z INFO RunnerServer] Establish connection with 60 seconds timeout.
[2022-12-19 22:33:03Z INFO GitHubActionsService] Starting operation Location.GetConnectionData
[2022-12-19 22:33:03Z INFO GitHubActionsService] Finished operation Location.GetConnectionData
[2022-12-19 22:33:03Z INFO GitHubActionsService] Finished operation Location.GetConnectionData
[2022-12-19 22:33:04Z INFO GitHubActionsService] Finished operation Location.GetConnectionData
[2022-12-19 22:33:04Z INFO Terminal] WRITE LINE: 
[2022-12-19 22:33:04Z INFO ConfigurationManager] Test Connection complete.
[2022-12-19 22:33:04Z INFO HostContext] Well known directory 'Bin': 'D:\Projects\vault-guides\ecosystem\vault-github-action\actions-runner\bin'
[2022-12-19 22:33:04Z INFO HostContext] Well known directory 'Root': 'D:\Projects\vault-guides\ecosystem\vault-github-action\actions-runner'
[2022-12-19 22:33:04Z INFO HostContext] Well known config file 'RSACredentials': 'D:\Projects\vault-guides\ecosystem\vault-github-action\actions-runner\.credentials_rsaparams'
[2022-12-19 22:33:04Z INFO RSAEncryptedFileKeyManager] Found existing RSA key parameters file D:\Projects\vault-guides\ecosystem\vault-github-action\actions-runner\.credentials_rsaparams
[2022-12-19 22:33:04Z INFO CommandSettings] Arg 'runnergroup': ''
[2022-12-19 22:33:04Z INFO CommandSettings] Flag 'unattended': 'False'
[2022-12-19 22:33:04Z INFO PromptManager] ReadValue
[2022-12-19 22:33:04Z INFO Terminal] WRITE: Enter the name of the runner group to add this runner to: 
[2022-12-19 22:33:04Z INFO Terminal] WRITE: [press Enter for Default] 
[2022-12-19 22:33:04Z INFO Terminal] READ LINE
[2022-12-19 22:35:10Z INFO Terminal] Read value: ''
[2022-12-19 22:35:10Z INFO PromptManager] Falling back to the default: 'Default'
[2022-12-19 22:35:10Z INFO Terminal] WRITE LINE: 
[2022-12-19 22:35:10Z INFO ConfigurationManager] Found a self-hosted runner group with id 1 and name Default
[2022-12-19 22:35:10Z INFO CommandSettings] Flag 'disableupdate': 'False'
[2022-12-19 22:35:10Z INFO CommandSettings] Flag 'ephemeral': 'False'
[2022-12-19 22:35:10Z INFO CommandSettings] Arg 'name': ''
[2022-12-19 22:35:10Z INFO CommandSettings] Flag 'unattended': 'False'
[2022-12-19 22:35:10Z INFO PromptManager] ReadValue
[2022-12-19 22:35:10Z INFO Terminal] WRITE: Enter the name of runner: 
[2022-12-19 22:35:10Z INFO Terminal] WRITE: [press Enter for NH501441] 
[2022-12-19 22:35:10Z INFO Terminal] READ LINE
[2022-12-19 22:35:19Z INFO Terminal] Read value: 'vault-snapshot'
[2022-12-19 22:35:19Z INFO Terminal] WRITE LINE: 
[2022-12-19 22:35:19Z INFO CommandSettings] Arg 'labels': ''
[2022-12-19 22:35:19Z INFO CommandSettings] Flag 'unattended': 'False'
[2022-12-19 22:35:19Z INFO PromptManager] ReadValue
[2022-12-19 22:35:19Z INFO Terminal] WRITE: This runner will have the following labels: 'self-hosted', 'Windows', 'X64' 
Enter any additional labels (ex. label-1,label-2): 
[2022-12-19 22:35:19Z INFO Terminal] WRITE: [press Enter to skip] 
[2022-12-19 22:35:19Z INFO Terminal] READ LINE
[2022-12-19 22:35:31Z INFO Terminal] Read value: 'vault'
[2022-12-19 22:35:31Z INFO Terminal] WRITE LINE: 
[2022-12-19 22:35:32Z INFO CommandSettings] Flag 'disableupdate': 'False'
[2022-12-19 22:35:34Z INFO CommandSettings] Flag 'disableupdate': 'False'
[2022-12-19 22:35:34Z INFO CommandSettings] Flag 'ephemeral': 'False'
[2022-12-19 22:35:34Z INFO ConfigurationStore] Saving OAuth credential @ D:\Projects\vault-guides\ecosystem\vault-github-action\actions-runner\.credentials
[2022-12-19 22:35:34Z INFO ConfigurationStore] Credentials Saved.
[2022-12-19 22:35:34Z INFO ConfigurationStore] HasCredentials()
[2022-12-19 22:35:34Z INFO ConfigurationStore] stored True
[2022-12-19 22:35:34Z INFO CredentialManager] GetCredentialProvider
[2022-12-19 22:35:34Z INFO CredentialManager] Creating type OAuth
[2022-12-19 22:35:34Z INFO CredentialManager] Creating credential type: OAuth
[2022-12-19 22:35:34Z INFO RSAEncryptedFileKeyManager] Loading RSA key parameters from file D:\Projects\vault-guides\ecosystem\vault-github-action\actions-runner\.credentials_rsaparams
[2022-12-19 22:35:34Z INFO RunnerServer] EstablishVssConnection
[2022-12-19 22:35:34Z INFO RunnerServer] Establish connection with 100 seconds timeout.
[2022-12-19 22:35:34Z INFO GitHubActionsService] Starting operation Location.GetConnectionData
[2022-12-19 22:35:34Z INFO RunnerServer] EstablishVssConnection
[2022-12-19 22:35:34Z INFO RunnerServer] Establish connection with 60 seconds timeout.
[2022-12-19 22:35:34Z INFO GitHubActionsService] Starting operation Location.GetConnectionData
[2022-12-19 22:35:34Z INFO RunnerServer] EstablishVssConnection
[2022-12-19 22:35:34Z INFO RunnerServer] Establish connection with 60 seconds timeout.
[2022-12-19 22:35:34Z INFO GitHubActionsService] Starting operation Location.GetConnectionData
[2022-12-19 22:35:34Z INFO GitHubActionsService] Finished operation Location.GetConnectionData
[2022-12-19 22:35:34Z INFO GitHubActionsService] Finished operation Location.GetConnectionData
[2022-12-19 22:35:34Z INFO GitHubActionsService] Finished operation Location.GetConnectionData
[2022-12-19 22:35:35Z INFO RSAEncryptedFileKeyManager] Loading RSA key parameters from file D:\Projects\vault-guides\ecosystem\vault-github-action\actions-runner\.credentials_rsaparams
[2022-12-19 22:35:35Z INFO RSAEncryptedFileKeyManager] Loading RSA key parameters from file D:\Projects\vault-guides\ecosystem\vault-github-action\actions-runner\.credentials_rsaparams
[2022-12-19 22:35:35Z INFO GitHubActionsService] AAD Correlation ID for this token request: Unknown
[2022-12-19 22:35:36Z INFO CommandSettings] Arg 'work': ''
[2022-12-19 22:35:36Z INFO CommandSettings] Flag 'unattended': 'False'
[2022-12-19 22:35:36Z INFO PromptManager] ReadValue
[2022-12-19 22:35:36Z INFO Terminal] WRITE: Enter name of work folder: 
[2022-12-19 22:35:36Z INFO Terminal] WRITE: [press Enter for _work] 
[2022-12-19 22:35:36Z INFO Terminal] READ LINE
[2022-12-19 22:36:00Z INFO Terminal] Read value: ''
[2022-12-19 22:36:00Z INFO PromptManager] Falling back to the default: '_work'
[2022-12-19 22:36:00Z INFO ConfigurationStore] Saving runner settings.
[2022-12-19 22:36:00Z INFO ConfigurationStore] Settings Saved.
[2022-12-19 22:36:00Z INFO Terminal] WRITE LINE: 
[2022-12-19 22:36:00Z INFO Terminal] WRITE LINE: 
[2022-12-19 22:36:00Z INFO CommandSettings] Flag 'runasservice': 'False'
[2022-12-19 22:36:00Z INFO CommandSettings] Flag 'unattended': 'False'
[2022-12-19 22:36:00Z INFO PromptManager] ReadValue
[2022-12-19 22:36:00Z INFO Terminal] WRITE: Would you like to run the runner as service? (Y/N) 
[2022-12-19 22:36:00Z INFO Terminal] WRITE: [press Enter for N] 
[2022-12-19 22:36:00Z INFO Terminal] READ LINE
[2022-12-19 22:36:12Z INFO Terminal] Read value: ''
[2022-12-19 22:36:12Z INFO PromptManager] Falling back to the default: 'N'
[2022-12-19 22:36:12Z INFO Listener] Runner execution has finished with return code 0
