[2022-12-19 22:36:31Z INFO HostContext] No proxy settings were found based on environmental variables (http_proxy/https_proxy/HTTP_PROXY/HTTPS_PROXY)
[2022-12-19 22:36:31Z INFO HostContext] Well known directory 'Bin': 'D:\Projects\vault-guides\ecosystem\vault-github-action\actions-runner\bin'
[2022-12-19 22:36:31Z INFO HostContext] Well known directory 'Root': 'D:\Projects\vault-guides\ecosystem\vault-github-action\actions-runner'
[2022-12-19 22:36:31Z INFO HostContext] Well known config file 'Credentials': 'D:\Projects\vault-guides\ecosystem\vault-github-action\actions-runner\.credentials'
[2022-12-19 22:36:32Z INFO HostContext] Well known directory 'Bin': 'D:\Projects\vault-guides\ecosystem\vault-github-action\actions-runner\bin'
[2022-12-19 22:36:32Z INFO HostContext] Well known directory 'Root': 'D:\Projects\vault-guides\ecosystem\vault-github-action\actions-runner'
[2022-12-19 22:36:32Z INFO HostContext] Well known config file 'Runner': 'D:\Projects\vault-guides\ecosystem\vault-github-action\actions-runner\.runner'
[2022-12-19 22:36:32Z INFO Listener] Runner is built for Windows (X64) - win-x64.
[2022-12-19 22:36:32Z INFO Listener] RuntimeInformation: Microsoft Windows 10.0.19044.
[2022-12-19 22:36:32Z INFO Listener] Version: 2.299.1
[2022-12-19 22:36:32Z INFO Listener] Commit: 2e44f985bd9bf890dc061e654f6a850c6f1249cf
[2022-12-19 22:36:32Z INFO Listener] Culture: en-CA
[2022-12-19 22:36:32Z INFO Listener] UI Culture: en-US
[2022-12-19 22:36:32Z INFO HostContext] Well known directory 'Bin': 'D:\Projects\vault-guides\ecosystem\vault-github-action\actions-runner\bin'
[2022-12-19 22:36:32Z INFO HostContext] Well known directory 'Root': 'D:\Projects\vault-guides\ecosystem\vault-github-action\actions-runner'
[2022-12-19 22:36:32Z INFO Listener] Validating directory permissions for: 'D:\Projects\vault-guides\ecosystem\vault-github-action\actions-runner'
[2022-12-19 22:36:32Z INFO CommandLineParser] Parse
[2022-12-19 22:36:32Z INFO CommandLineParser] Parsing 1 args
[2022-12-19 22:36:32Z INFO CommandLineParser] parsing argument
[2022-12-19 22:36:32Z INFO CommandLineParser] HasArgs: False
[2022-12-19 22:36:32Z INFO CommandLineParser] Adding Command: run
[2022-12-19 22:36:32Z INFO Listener] Arguments parsed
[2022-12-19 22:36:32Z INFO Runner] ExecuteCommand
[2022-12-19 22:36:32Z INFO ConfigurationStore] currentAssemblyLocation: D:\Projects\vault-guides\ecosystem\vault-github-action\actions-runner\bin\Runner.Listener.dll
[2022-12-19 22:36:32Z INFO HostContext] Well known directory 'Bin': 'D:\Projects\vault-guides\ecosystem\vault-github-action\actions-runner\bin'
[2022-12-19 22:36:32Z INFO ConfigurationStore] binPath: D:\Projects\vault-guides\ecosystem\vault-github-action\actions-runner\bin
[2022-12-19 22:36:32Z INFO HostContext] Well known directory 'Bin': 'D:\Projects\vault-guides\ecosystem\vault-github-action\actions-runner\bin'
[2022-12-19 22:36:32Z INFO HostContext] Well known directory 'Root': 'D:\Projects\vault-guides\ecosystem\vault-github-action\actions-runner'
[2022-12-19 22:36:32Z INFO ConfigurationStore] RootFolder: D:\Projects\vault-guides\ecosystem\vault-github-action\actions-runner
[2022-12-19 22:36:32Z INFO HostContext] Well known directory 'Bin': 'D:\Projects\vault-guides\ecosystem\vault-github-action\actions-runner\bin'
[2022-12-19 22:36:32Z INFO HostContext] Well known directory 'Root': 'D:\Projects\vault-guides\ecosystem\vault-github-action\actions-runner'
[2022-12-19 22:36:32Z INFO HostContext] Well known config file 'Runner': 'D:\Projects\vault-guides\ecosystem\vault-github-action\actions-runner\.runner'
[2022-12-19 22:36:32Z INFO ConfigurationStore] ConfigFilePath: D:\Projects\vault-guides\ecosystem\vault-github-action\actions-runner\.runner
[2022-12-19 22:36:32Z INFO HostContext] Well known directory 'Bin': 'D:\Projects\vault-guides\ecosystem\vault-github-action\actions-runner\bin'
[2022-12-19 22:36:32Z INFO HostContext] Well known directory 'Root': 'D:\Projects\vault-guides\ecosystem\vault-github-action\actions-runner'
[2022-12-19 22:36:32Z INFO HostContext] Well known config file 'Credentials': 'D:\Projects\vault-guides\ecosystem\vault-github-action\actions-runner\.credentials'
[2022-12-19 22:36:32Z INFO ConfigurationStore] CredFilePath: D:\Projects\vault-guides\ecosystem\vault-github-action\actions-runner\.credentials
[2022-12-19 22:36:32Z INFO HostContext] Well known directory 'Bin': 'D:\Projects\vault-guides\ecosystem\vault-github-action\actions-runner\bin'
[2022-12-19 22:36:32Z INFO HostContext] Well known directory 'Root': 'D:\Projects\vault-guides\ecosystem\vault-github-action\actions-runner'
[2022-12-19 22:36:32Z INFO HostContext] Well known config file 'MigratedCredentials': 'D:\Projects\vault-guides\ecosystem\vault-github-action\actions-runner\.credentials_migrated'
[2022-12-19 22:36:32Z INFO ConfigurationStore] MigratedCredFilePath: D:\Projects\vault-guides\ecosystem\vault-github-action\actions-runner\.credentials_migrated
[2022-12-19 22:36:32Z INFO HostContext] Well known directory 'Bin': 'D:\Projects\vault-guides\ecosystem\vault-github-action\actions-runner\bin'
[2022-12-19 22:36:32Z INFO HostContext] Well known directory 'Root': 'D:\Projects\vault-guides\ecosystem\vault-github-action\actions-runner'
[2022-12-19 22:36:32Z INFO HostContext] Well known config file 'Service': 'D:\Projects\vault-guides\ecosystem\vault-github-action\actions-runner\.service'
[2022-12-19 22:36:32Z INFO ConfigurationStore] ServiceConfigFilePath: D:\Projects\vault-guides\ecosystem\vault-github-action\actions-runner\.service
[2022-12-19 22:36:32Z INFO CommandSettings] Flag 'help': 'False'
[2022-12-19 22:36:32Z INFO CommandSettings] Flag 'version': 'False'
[2022-12-19 22:36:32Z INFO CommandSettings] Flag 'commit': 'False'
[2022-12-19 22:36:32Z INFO CommandSettings] Flag 'check': 'False'
[2022-12-19 22:36:32Z INFO CommandSettings] Command 'configure': 'False'
[2022-12-19 22:36:32Z INFO CommandSettings] Command 'remove': 'False'
[2022-12-19 22:36:32Z INFO CommandSettings] Command 'warmup': 'False'
[2022-12-19 22:36:32Z INFO ConfigurationManager] LoadSettings
[2022-12-19 22:36:32Z INFO ConfigurationStore] IsConfigured()
[2022-12-19 22:36:32Z INFO ConfigurationStore] IsConfigured: True
[2022-12-19 22:36:32Z INFO ConfigurationManager] Is configured: True
[2022-12-19 22:36:32Z INFO ConfigurationStore] Read setting file: 312 chars
[2022-12-19 22:36:32Z INFO ConfigurationManager] Settings Loaded
[2022-12-19 22:36:32Z INFO ConfigurationStore] IsServiceConfigured()
[2022-12-19 22:36:32Z INFO ConfigurationStore] IsServiceConfigured: False
[2022-12-19 22:36:32Z INFO CommandSettings] Command 'run': 'True'
[2022-12-19 22:36:32Z INFO ConfigurationStore] IsConfigured()
[2022-12-19 22:36:32Z INFO ConfigurationStore] IsConfigured: True
[2022-12-19 22:36:32Z INFO ConfigurationManager] Is configured: True
[2022-12-19 22:36:32Z INFO Runner] Could not parse the argument value '' for StartupType. Defaulting to Manual
[2022-12-19 22:36:32Z INFO Runner] Set runner startup type - Manual
[2022-12-19 22:36:32Z INFO CommandSettings] Flag 'once': 'False'
[2022-12-19 22:36:32Z INFO CommandSettings] Flag 'once': 'False'
[2022-12-19 22:36:32Z INFO Runner] RunAsync
[2022-12-19 22:36:32Z INFO ConfigurationManager] LoadSettings
[2022-12-19 22:36:32Z INFO ConfigurationStore] IsConfigured()
[2022-12-19 22:36:32Z INFO ConfigurationStore] IsConfigured: True
[2022-12-19 22:36:32Z INFO ConfigurationManager] Is configured: True
[2022-12-19 22:36:32Z INFO ConfigurationManager] Settings Loaded
[2022-12-19 22:36:32Z INFO MessageListener] {
  "AgentId": 2,
  "AgentName": "vault-snapshot",
  "PoolId": 1,
  "PoolName": "Default",
  "ServerUrl": "https://pipelines.actions.githubusercontent.com/19PO8IgMRJN0tAkCZs61tZDxn1FDDBORupLnITjRF3utpG1JH6",
  "GitHubUrl": "https://github.com/ngunner15/vault-action-exampleapp",
  "WorkFolder": "_work"
}
[2022-12-19 22:36:32Z INFO MessageListener] Loading Credentials
[2022-12-19 22:36:32Z INFO ConfigurationStore] HasCredentials()
[2022-12-19 22:36:32Z INFO ConfigurationStore] stored True
[2022-12-19 22:36:32Z INFO CredentialManager] GetCredentialProvider
[2022-12-19 22:36:32Z INFO CredentialManager] Creating type OAuth
[2022-12-19 22:36:32Z INFO CredentialManager] Creating credential type: OAuth
[2022-12-19 22:36:32Z INFO HostContext] Well known directory 'Bin': 'D:\Projects\vault-guides\ecosystem\vault-github-action\actions-runner\bin'
[2022-12-19 22:36:32Z INFO HostContext] Well known directory 'Root': 'D:\Projects\vault-guides\ecosystem\vault-github-action\actions-runner'
[2022-12-19 22:36:32Z INFO HostContext] Well known config file 'RSACredentials': 'D:\Projects\vault-guides\ecosystem\vault-github-action\actions-runner\.credentials_rsaparams'
[2022-12-19 22:36:32Z INFO RSAEncryptedFileKeyManager] Loading RSA key parameters from file D:\Projects\vault-guides\ecosystem\vault-github-action\actions-runner\.credentials_rsaparams
[2022-12-19 22:36:32Z INFO MessageListener] Attempt to create session.
[2022-12-19 22:36:32Z INFO MessageListener] Connecting to the Runner Server...
[2022-12-19 22:36:32Z INFO RunnerServer] EstablishVssConnection
[2022-12-19 22:36:32Z INFO RunnerServer] Establish connection with 100 seconds timeout.
[2022-12-19 22:36:32Z INFO GitHubActionsService] Starting operation Location.GetConnectionData
[2022-12-19 22:36:32Z INFO RunnerServer] EstablishVssConnection
[2022-12-19 22:36:32Z INFO RunnerServer] Establish connection with 60 seconds timeout.
[2022-12-19 22:36:32Z INFO GitHubActionsService] Starting operation Location.GetConnectionData
[2022-12-19 22:36:32Z INFO RunnerServer] EstablishVssConnection
[2022-12-19 22:36:32Z INFO RunnerServer] Establish connection with 60 seconds timeout.
[2022-12-19 22:36:32Z INFO GitHubActionsService] Starting operation Location.GetConnectionData
[2022-12-19 22:36:32Z INFO GitHubActionsService] Finished operation Location.GetConnectionData
[2022-12-19 22:36:32Z INFO GitHubActionsService] Finished operation Location.GetConnectionData
[2022-12-19 22:36:32Z INFO GitHubActionsService] Finished operation Location.GetConnectionData
[2022-12-19 22:36:33Z INFO MessageListener] VssConnection created
[2022-12-19 22:36:33Z INFO Terminal] WRITE LINE: 
[2022-12-19 22:36:33Z INFO Terminal] WRITE LINE: 
[2022-12-19 22:36:33Z INFO RSAEncryptedFileKeyManager] Loading RSA key parameters from file D:\Projects\vault-guides\ecosystem\vault-github-action\actions-runner\.credentials_rsaparams
[2022-12-19 22:36:33Z INFO RSAEncryptedFileKeyManager] Loading RSA key parameters from file D:\Projects\vault-guides\ecosystem\vault-github-action\actions-runner\.credentials_rsaparams
[2022-12-19 22:36:33Z INFO GitHubActionsService] AAD Correlation ID for this token request: Unknown
[2022-12-19 22:36:34Z INFO MessageListener] Session created.
[2022-12-19 22:36:34Z INFO Terminal] WRITE LINE: Current runner version: '2.299.1'
[2022-12-19 22:36:34Z INFO Terminal] WRITE LINE: 2022-12-19 22:36:34Z: Listening for Jobs
[2022-12-19 22:36:34Z INFO JobDispatcher] Set runner/worker IPC timeout to 30 seconds.
[2022-12-19 22:51:00Z INFO RSAEncryptedFileKeyManager] Loading RSA key parameters from file D:\Projects\vault-guides\ecosystem\vault-github-action\actions-runner\.credentials_rsaparams
[2022-12-19 22:51:00Z INFO MessageListener] Message '1' received from session 'a986642d-0bde-4f76-9489-3713503a6486'.
[2022-12-19 22:51:00Z INFO Runner] Received job message of length 22210 from service, with hash '73808faccfd50c768e8e1ec7d0e72131106307e678491be86f11867ed453e493'
[2022-12-19 22:51:00Z INFO JobDispatcher] Job request 1 for plan 56f67802-2169-4c58-b005-b92a9e9978d4 job ca395085-040a-526b-2ce8-bdc85f692774 received.
[2022-12-19 22:51:00Z INFO JobDispatcher] Pull OrchestrationId 56f67802-2169-4c58-b005-b92a9e9978d4.build.__default from JWT claims
[2022-12-19 22:51:00Z INFO Terminal] WRITE LINE: 2022-12-19 22:51:00Z: Running job: build
[2022-12-19 22:51:00Z INFO JobDispatcher] Start renew job request 1 for job ca395085-040a-526b-2ce8-bdc85f692774.
[2022-12-19 22:51:01Z INFO JobDispatcher] Successfully renew job request 1, job is valid till 2022-12-19 11:01:01 PM
[2022-12-19 22:51:01Z INFO HostContext] Well known directory 'Bin': 'D:\Projects\vault-guides\ecosystem\vault-github-action\actions-runner\bin'
[2022-12-19 22:51:01Z INFO ProcessInvokerWrapper] Starting process:
[2022-12-19 22:51:01Z INFO ProcessInvokerWrapper]   File name: 'D:\Projects\vault-guides\ecosystem\vault-github-action\actions-runner\bin\Runner.Worker.exe'
[2022-12-19 22:51:01Z INFO ProcessInvokerWrapper]   Arguments: 'spawnclient 1644 2216'
[2022-12-19 22:51:01Z INFO ProcessInvokerWrapper]   Working directory: 'D:\Projects\vault-guides\ecosystem\vault-github-action\actions-runner\bin'
[2022-12-19 22:51:01Z INFO ProcessInvokerWrapper]   Require exit code zero: 'False'
[2022-12-19 22:51:01Z INFO ProcessInvokerWrapper]   Encoding web name:  ; code page: ''
[2022-12-19 22:51:01Z INFO ProcessInvokerWrapper]   Force kill process on cancellation: 'True'
[2022-12-19 22:51:01Z INFO ProcessInvokerWrapper]   Redirected STDIN: 'False'
[2022-12-19 22:51:01Z INFO ProcessInvokerWrapper]   Persist current code page: 'False'
[2022-12-19 22:51:01Z INFO ProcessInvokerWrapper]   Keep redirected STDIN open: 'False'
[2022-12-19 22:51:01Z INFO ProcessInvokerWrapper]   High priority process: 'True'
[2022-12-19 22:51:01Z INFO ProcessInvokerWrapper] Process started with process id 5548, waiting for process exit.
[2022-12-19 22:51:01Z INFO JobDispatcher] Send job request message to worker for job ca395085-040a-526b-2ce8-bdc85f692774.
[2022-12-19 22:51:01Z INFO ProcessChannel] Sending message of length 22210, with hash '73808faccfd50c768e8e1ec7d0e72131106307e678491be86f11867ed453e493'
[2022-12-19 22:51:03Z INFO JobNotification] Entering JobStarted Notification
[2022-12-19 22:51:03Z INFO JobNotification] Entering StartMonitor
[2022-12-19 22:51:38Z INFO ProcessInvokerWrapper] STDOUT/STDERR stream read finished.
[2022-12-19 22:51:38Z INFO ProcessInvokerWrapper] STDOUT/STDERR stream read finished.
[2022-12-19 22:51:38Z INFO ProcessInvokerWrapper] Finished process 5548 with exit code 102, and elapsed time 00:00:37.6398687.
[2022-12-19 22:51:38Z INFO JobDispatcher] Worker finished for job ca395085-040a-526b-2ce8-bdc85f692774. Code: 102
[2022-12-19 22:51:38Z INFO JobDispatcher] finish job request for job ca395085-040a-526b-2ce8-bdc85f692774 with result: Failed
[2022-12-19 22:51:38Z INFO Terminal] WRITE LINE: 2022-12-19 22:51:38Z: Job build completed with result: Failed
[2022-12-19 22:51:38Z INFO JobDispatcher] Stop renew job request for job ca395085-040a-526b-2ce8-bdc85f692774.
[2022-12-19 22:51:38Z INFO JobDispatcher] job renew has been cancelled, stop renew job request 1.
[2022-12-19 22:51:38Z INFO JobNotification] Entering JobCompleted Notification
[2022-12-19 22:51:38Z INFO JobNotification] Entering EndMonitor
[2022-12-19 23:21:13Z INFO MessageListener] No message retrieved from session 'a986642d-0bde-4f76-9489-3713503a6486' within last 30 minutes.
[2022-12-19 23:32:08Z INFO RSAEncryptedFileKeyManager] Loading RSA key parameters from file D:\Projects\vault-guides\ecosystem\vault-github-action\actions-runner\.credentials_rsaparams
[2022-12-19 23:32:09Z INFO GitHubActionsService] AAD Correlation ID for this token request: Unknown
[2022-12-19 23:51:25Z INFO MessageListener] No message retrieved from session 'a986642d-0bde-4f76-9489-3713503a6486' within last 30 minutes.
[2022-12-20 00:21:39Z INFO MessageListener] No message retrieved from session 'a986642d-0bde-4f76-9489-3713503a6486' within last 30 minutes.
[2022-12-20 00:27:31Z INFO RSAEncryptedFileKeyManager] Loading RSA key parameters from file D:\Projects\vault-guides\ecosystem\vault-github-action\actions-runner\.credentials_rsaparams
[2022-12-20 00:27:32Z INFO GitHubActionsService] AAD Correlation ID for this token request: Unknown
[2022-12-20 00:42:20Z INFO Terminal] WRITE LINE: Exiting...
[2022-12-20 00:42:20Z INFO ConfigurationStore] IsServiceConfigured()
[2022-12-20 00:42:20Z INFO ConfigurationStore] IsServiceConfigured: False
[2022-12-20 00:42:20Z INFO HostContext] Runner will be shutdown for UserCancelled
[2022-12-20 00:42:20Z WARN GitHubActionsService] GET request to https://pipelines.actions.githubusercontent.com/19PO8IgMRJN0tAkCZs61tZDxn1FDDBORupLnITjRF3utpG1JH6/_apis/distributedtask/pools/1/messages?sessionId=a986642d-0bde-4f76-9489-3713503a6486&lastMessageId=1&status=Online has been cancelled.
[2022-12-20 00:42:20Z INFO MessageListener] Get next message has been cancelled.
[2022-12-20 00:42:20Z INFO JobDispatcher] Shutting down JobDispatcher. Make sure all WorkerDispatcher has finished.
[2022-12-20 00:42:20Z INFO JobDispatcher] Ensure WorkerDispather for job ca395085-040a-526b-2ce8-bdc85f692774 run to finish, cancel any running job.
[2022-12-20 00:42:20Z INFO JobDispatcher] Job request ca395085-040a-526b-2ce8-bdc85f692774 processed succeed.
[2022-12-20 00:42:21Z INFO Listener] Runner execution been cancelled.
